2026-03-03 22:05:56 | INFO     | __main__ | 扫描周期: ['d']
2026-03-03 22:05:56 | INFO     | __main__ | 股票池共 4750 只股票
2026-03-03 22:05:56 | INFO     | __main__ | 过滤后共 1 只股票
2026-03-03 22:05:56 | INFO     | __main__ | 限制扫描前 1 只股票
2026-03-03 22:07:12 | ERROR    | src.db | 数据库操作异常: (psycopg2.OperationalError) connection to server at "192.168.31.188", port 5432 failed: Operation timed out
	Is the server running on that host and accepting TCP/IP connections?

(Background on this error at: https://sqlalche.me/e/20/e3q8)
2026-03-03 22:18:13 | INFO     | __main__ | 扫描周期: ['d']
2026-03-03 22:18:13 | INFO     | __main__ | 股票池共 4750 只股票
2026-03-03 22:19:29 | ERROR    | src.db | 数据库操作异常: (psycopg2.OperationalError) connection to server at "192.168.31.188", port 5432 failed: Operation timed out
	Is the server running on that host and accepting TCP/IP connections?

(Background on this error at: https://sqlalche.me/e/20/e3q8)
2026-03-03 22:31:13 | INFO     | __main__ | 扫描周期: ['d']
2026-03-03 22:31:14 | INFO     | __main__ | 股票池共 4750 只股票
2026-03-03 22:32:29 | ERROR    | src.db | 数据库操作异常: (psycopg2.OperationalError) connection to server at "192.168.31.188", port 5432 failed: Operation timed out
	Is the server running on that host and accepting TCP/IP connections?

(Background on this error at: https://sqlalche.me/e/20/e3q8)
2026-03-03 22:32:29 | WARNING  | __main__ | 数据库连接失败: (psycopg2.OperationalError) connection to server at "192.168.31.188", port 5432 failed: Operation timed out
	Is the server running on that host and accepting TCP/IP connections?

(Background on this error at: https://sqlalche.me/e/20/e3q8)
2026-03-03 22:32:29 | INFO     | __main__ | 将仅保存到 Excel 文件
2026-03-03 22:33:44 | ERROR    | src.db | 数据库操作异常: (psycopg2.OperationalError) connection to server at "192.168.31.188", port 5432 failed: Operation timed out
	Is the server running on that host and accepting TCP/IP connections?

(Background on this error at: https://sqlalche.me/e/20/e3q8)
2026-03-03 22:33:44 | ERROR    | __main__ | 华胜天成(600410.SH) d: (psycopg2.OperationalError) connection to server at "192.168.31.188", port 5432 failed: Operation timed out
	Is the server running on that host and accepting TCP/IP connections?

(Background on this error at: https://sqlalche.me/e/20/e3q8)
2026-03-03 22:34:59 | ERROR    | src.db | 数据库操作异常: (psycopg2.OperationalError) connection to server at "192.168.31.188", port 5432 failed: Operation timed out
	Is the server running on that host and accepting TCP/IP connections?

(Background on this error at: https://sqlalche.me/e/20/e3q8)
2026-03-03 22:34:59 | ERROR    | __main__ | 豫能控股(001896.SZ) d: (psycopg2.OperationalError) connection to server at "192.168.31.188", port 5432 failed: Operation timed out
	Is the server running on that host and accepting TCP/IP connections?

(Background on this error at: https://sqlalche.me/e/20/e3q8)
2026-03-03 22:51:42 | INFO     | __main__ | 扫描周期: ['d']
2026-03-03 22:51:42 | INFO     | __main__ | 股票池共 4750 只股票
2026-03-03 22:51:42 | INFO     | __main__ | 过滤后共 1 只股票
2026-03-03 22:51:42 | INFO     | __main__ | 限制扫描前 1 只股票
2026-03-03 22:52:57 | ERROR    | src.db | 数据库操作异常: (psycopg2.OperationalError) connection to server at "192.168.31.188", port 5432 failed: Operation timed out
	Is the server running on that host and accepting TCP/IP connections?

(Background on this error at: https://sqlalche.me/e/20/e3q8)
2026-03-03 22:52:57 | WARNING  | __main__ | 数据库连接失败: (psycopg2.OperationalError) connection to server at "192.168.31.188", port 5432 failed: Operation timed out
	Is the server running on that host and accepting TCP/IP connections?

(Background on this error at: https://sqlalche.me/e/20/e3q8)
2026-03-03 22:52:57 | INFO     | __main__ | 将仅保存到 Excel 文件
2026-03-03 22:53:32 | INFO     | __main__ | 中金黄金(600489.SH) d: 2741 bars, strength=0.943, close_pos=0.704, activity=0.457
2026-03-03 22:53:33 | INFO     | __main__ | 特征已保存到 Excel 文件: /Users/zhenbao/Nextcloud/coding/交易/amp_features_20260303_225332.xlsx
2026-03-03 22:53:33 | INFO     | __main__ | 扫描完成，共保存 0 条记录
